<?xml version="1.0" encoding="UTF-8"?>
<!-- Generated by org.testng.reporters.JUnitXMLReporter -->
<testsuite ignored="0" hostname="LAPTOP-KCR1G69M" failures="0" tests="2" name="Misc" time="0.12" errors="0" timestamp="2021-08-08T18:46:25 CST">
  <testcase classname="BaseTest" name="@BeforeClass setup" time="0.076">
    <failure type="java.lang.NoClassDefFoundError" message="Could not initialize class io.restassured.RestAssured">
      <![CDATA[java.lang.NoClassDefFoundError: Could not initialize class io.restassured.RestAssured
at BaseTest.setup(BaseTest.java:10)
at java.base/java.util.ArrayList.forEach(ArrayList.java:1511)
at java.base/java.util.concurrent.FutureTask.run(FutureTask.java:264)
at java.base/java.util.concurrent.ThreadPoolExecutor.runWorker(ThreadPoolExecutor.java:1130)
at java.base/java.util.concurrent.ThreadPoolExecutor$Worker.run(ThreadPoolExecutor.java:630)
at java.base/java.lang.Thread.run(Thread.java:832)
... Removed 16 stack frames]]>
    </failure>
  </testcase> <!-- @BeforeClass setup -->
  <testcase classname="MiscTests" name="ATest_PING_ENDPOINT" time="0.0">
    <skipped/>
  </testcase> <!-- ATest_PING_ENDPOINT -->
  <testcase classname="MiscTests" name="BTest_HomePage_Response" time="0.0">
    <skipped/>
  </testcase> <!-- BTest_HomePage_Response -->
</testsuite> <!-- Misc -->
