<?xml version="1.0" encoding="UTF-8"?>
<testsuite xmlns:xsi="http://www.w3.org/2001/XMLSchema-instance" xsi:noNamespaceSchemaLocation="https://maven.apache.org/surefire/maven-surefire-plugin/xsd/surefire-test-report.xsd" name="TestSuite" time="1.357" tests="6" errors="0" skipped="4" failures="2">
  <properties>
[...]
</properties>
  <testcase name="setup" classname="MiscTests" time="1.152">
    <failure message="Could not initialize class io.restassured.RestAssured" type="java.lang.NoClassDefFoundError">java.lang.NoClassDefFoundError: Could not initialize class io.restassured.RestAssured
</failure>
    <system-err><![CDATA[java.lang.NoClassDefFoundError: Could not initialize class org.codehaus.groovy.vmplugin.v7.Java7
	at org.codehaus.groovy.vmplugin.VMPluginFactory.<clinit>(VMPluginFactory.java:43)
	at org.codehaus.groovy.reflection.GroovyClassValueFactory.<clinit>(GroovyClassValueFactory.java:35)
	at org.codehaus.groovy.reflection.ClassInfo.<clinit>(ClassInfo.java:107)
	at org.codehaus.groovy.reflection.ReflectionCache.getCachedClass(ReflectionCache.java:95)
	at org.codehaus.groovy.reflection.ReflectionCache.<clinit>(ReflectionCache.java:39)
	at org.codehaus.groovy.runtime.metaclass.MetaClassRegistryImpl.registerMethods(MetaClassRegistryImpl.java:210)
	at org.codehaus.groovy.runtime.metaclass.MetaClassRegistryImpl.<init>(MetaClassRegistryImpl.java:108)
	at org.codehaus.groovy.runtime.metaclass.MetaClassRegistryImpl.<init>(MetaClassRegistryImpl.java:86)
	at groovy.lang.GroovySystem.<clinit>(GroovySystem.java:36)
	at org.codehaus.groovy.runtime.InvokerHelper.<clinit>(InvokerHelper.java:86)
	at org.codehaus.groovy.runtime.ScriptBytecodeAdapter.createMap(ScriptBytecodeAdapter.java:635)
	at io.restassured.internal.ResponseParserRegistrar.<init>(ResponseParserRegistrar.groovy)
	at io.restassured.RestAssured.<clinit>(RestAssured.java:347)
	at BaseTest.setup(BaseTest.java:10)
	at java.base/jdk.internal.reflect.NativeMethodAccessorImpl.invoke0(Native Method)
	at java.base/jdk.internal.reflect.NativeMethodAccessorImpl.invoke(NativeMethodAccessorImpl.java:64)
	at java.base/jdk.internal.reflect.DelegatingMethodAccessorImpl.invoke(DelegatingMethodAccessorImpl.java:43)
	at java.base/java.lang.reflect.Method.invoke(Method.java:564)
	at org.testng.internal.MethodInvocationHelper.invokeMethod(MethodInvocationHelper.java:133)
	at org.testng.internal.MethodInvocationHelper.invokeMethodConsideringTimeout(MethodInvocationHelper.java:62)
	at org.testng.internal.ConfigInvoker.invokeConfigurationMethod(ConfigInvoker.java:385)
	at org.testng.internal.ConfigInvoker.invokeConfigurations(ConfigInvoker.java:321)
	at org.testng.internal.TestMethodWorker.invokeBeforeClassMethods(TestMethodWorker.java:176)
	at org.testng.internal.TestMethodWorker.run(TestMethodWorker.java:122)
	at java.base/java.util.ArrayList.forEach(ArrayList.java:1511)
	at org.testng.TestRunner.privateRun(TestRunner.java:794)
	at org.testng.TestRunner.run(TestRunner.java:596)
	at org.testng.SuiteRunner.runTest(SuiteRunner.java:377)
	at org.testng.SuiteRunner.access$000(SuiteRunner.java:28)
	at org.testng.SuiteRunner$SuiteWorker.run(SuiteRunner.java:418)
	at org.testng.internal.thread.ThreadUtil.lambda$execute$0(ThreadUtil.java:64)
	at java.base/java.util.concurrent.FutureTask.run(FutureTask.java:264)
	at java.base/java.util.concurrent.ThreadPoolExecutor.runWorker(ThreadPoolExecutor.java:1130)
	at java.base/java.util.concurrent.ThreadPoolExecutor$Worker.run(ThreadPoolExecutor.java:630)
	at java.base/java.lang.Thread.run(Thread.java:832)
]]></system-err>
  </testcase>
  <testcase name="setup" classname="UserTests" time="1.152">
    <failure message="Could not initialize class org.codehaus.groovy.reflection.ReflectionCache" type="java.lang.NoClassDefFoundError">java.lang.NoClassDefFoundError: Could not initialize class org.codehaus.groovy.reflection.ReflectionCache
</failure>
  </testcase>
  <testcase name="ATest_PING_ENDPOINT" classname="MiscTests" time="0">
    <skipped message="Could not initialize class io.restassured.RestAssured"/>
  </testcase>
  <testcase name="Test_Creat_User_Already_Exist" classname="UserTests" time="0">
    <skipped message="Could not initialize class org.codehaus.groovy.reflection.ReflectionCache"/>
  </testcase>
  <testcase name="BTest_HomePage_Response" classname="MiscTests" time="0">
    <skipped message="Could not initialize class io.restassured.RestAssured"/>
  </testcase>
  <testcase name="Test_Creat_User_Successful" classname="UserTests" time="0">
    <skipped message="Could not initialize class org.codehaus.groovy.reflection.ReflectionCache"/>
  </testcase>
</testsuite>