-------------------------------------------------------------------------------
Test set: TestSuite
-------------------------------------------------------------------------------
Tests run: 6, Failures: 2, Errors: 0, Skipped: 4, Time elapsed: 1.357 s <<< FAILURE! - in TestSuite
setup(MiscTests)  Time elapsed: 1.152 s  <<< FAILURE!
java.lang.NoClassDefFoundError: Could not initialize class io.restassured.RestAssured

setup(UserTests)  Time elapsed: 1.152 s  <<< FAILURE!
java.lang.NoClassDefFoundError: Could not initialize class org.codehaus.groovy.reflection.ReflectionCache

